# JRE version: Java(TM) SE Runtime Environment (17.0.10+11) (build 17.0.10+11-LTS-240)
# Java VM: Java HotSpot(TM) 64-Bit Server VM (17.0.10+11-LTS-240, mixed mode, sharing, tiered, compressed oops, compressed class ptrs, g1 gc, windows-amd64)
GC Precious Log:
 CPUs: 4 total, 4 available
 Memory: 3895M
 Large Page Support: Disabled
 NUMA Support: Disabled
 Compressed Oops: Enabled (32-bit)
 Heap Region Size: 1M
 Heap Min Capacity: 8M
 Heap Initial Capacity: 62M
 Heap Max Capacity: 974M
 Pre-touch: Disabled
 Parallel Workers: 4
 Concurrent Workers: 1
 Concurrent Refinement Workers: 4
 Periodic GC: Disabled
Heap:
 garbage-first heap   total 63488K, used 19112K [0x00000000c3200000, 0x0000000100000000)
  region size 1024K, 10 young (10240K), 2 survivors (2048K)
 Metaspace       used 8591K, committed 8768K, reserved 1114112K
  class space    used 993K, committed 1088K, reserved 1048576K
GC Heap History (6 events):
Event: 1.554 GC heap before
{Heap before GC invocations=0 (full 0):
 garbage-first heap   total 63488K, used 12288K [0x00000000c3200000, 0x0000000100000000)
  region size 1024K, 13 young (13312K), 0 survivors (0K)
 Metaspace       used 1981K, committed 2112K, reserved 1114112K
  class space    used 190K, committed 256K, reserved 1048576K
}
Event: 1.559 GC heap after
{Heap after GC invocations=1 (full 0):
 garbage-first heap   total 63488K, used 7634K [0x00000000c3200000, 0x0000000100000000)
  region size 1024K, 2 young (2048K), 2 survivors (2048K)
 Metaspace       used 1981K, committed 2112K, reserved 1114112K
  class space    used 190K, committed 256K, reserved 1048576K
}
Event: 2.607 GC heap before
{Heap before GC invocations=1 (full 0):
 garbage-first heap   total 63488K, used 16850K [0x00000000c3200000, 0x0000000100000000)
  region size 1024K, 11 young (11264K), 2 survivors (2048K)
 Metaspace       used 3885K, committed 4032K, reserved 1114112K
  class space    used 428K, committed 512K, reserved 1048576K
}
Event: 2.612 GC heap after
{Heap after GC invocations=2 (full 0):
 garbage-first heap   total 63488K, used 10571K [0x00000000c3200000, 0x0000000100000000)
  region size 1024K, 2 young (2048K), 2 survivors (2048K)
 Metaspace       used 3885K, committed 4032K, reserved 1114112K
  class space    used 428K, committed 512K, reserved 1048576K
}
Event: 3.053 GC heap before
{Heap before GC invocations=2 (full 0):
 garbage-first heap   total 63488K, used 24907K [0x00000000c3200000, 0x0000000100000000)
  region size 1024K, 17 young (17408K), 2 survivors (2048K)
 Metaspace       used 7145K, committed 7424K, reserved 1114112K
  class space    used 824K, committed 960K, reserved 1048576K
}
Event: 3.057 GC heap after
{Heap after GC invocations=3 (full 0):
 garbage-first heap   total 63488K, used 11944K [0x00000000c3200000, 0x0000000100000000)
  region size 1024K, 2 young (2048K), 2 survivors (2048K)
 Metaspace       used 7145K, committed 7424K, reserved 1114112K
  class space    used 824K, committed 960K, reserved 1048576K
}

